0 info it worked if it ends with ok
1 verbose cli [ 'C:\\Program Files\\nodejs\\\\node.exe',
1 verbose cli   'C:\\Program Files\\nodejs\\node_modules\\npm\\bin\\npm-cli.js',
1 verbose cli   'install',
1 verbose cli   'compossable-middleware',
1 verbose cli   '--save' ]
2 info using npm@1.4.28
3 info using node@v0.10.32
4 verbose node symlink C:\Program Files\nodejs\\node.exe
5 warn package.json karma-chrome-launcher@0.1.5 No README data
6 warn package.json karma-coffee-preprocessor@0.2.1 No README data
7 warn package.json karma-ng-html2js-preprocessor@0.1.1 No README data
8 warn package.json karma-phantomjs-launcher@0.1.4 No README data
9 verbose readDependencies using package.json deps
10 verbose cache add [ 'compossable-middleware', null ]
11 verbose cache add name=undefined spec="compossable-middleware" args=["compossable-middleware",null]
12 verbose parsed url { protocol: null,
12 verbose parsed url   slashes: null,
12 verbose parsed url   auth: null,
12 verbose parsed url   host: null,
12 verbose parsed url   port: null,
12 verbose parsed url   hostname: null,
12 verbose parsed url   hash: null,
12 verbose parsed url   search: null,
12 verbose parsed url   query: null,
12 verbose parsed url   pathname: 'compossable-middleware',
12 verbose parsed url   path: 'compossable-middleware',
12 verbose parsed url   href: 'compossable-middleware' }
13 silly lockFile 7f7beb33-compossable-middleware compossable-middleware
14 verbose lock compossable-middleware C:\Users\Sergey\AppData\Roaming\npm-cache\7f7beb33-compossable-middleware.lock
15 silly lockFile 7f7beb33-compossable-middleware compossable-middleware
16 silly lockFile 7f7beb33-compossable-middleware compossable-middleware
17 verbose addNamed [ 'compossable-middleware', '' ]
18 verbose addNamed [ null, '*' ]
19 silly lockFile d6e67697-compossable-middleware compossable-middleware@
20 verbose lock compossable-middleware@ C:\Users\Sergey\AppData\Roaming\npm-cache\d6e67697-compossable-middleware.lock
21 silly addNameRange { name: 'compossable-middleware', range: '*', hasData: false }
22 verbose request where is /compossable-middleware
23 verbose request registry https://registry.npmjs.org/
24 verbose request id 18616d3aa57c77e1
25 verbose url raw /compossable-middleware
26 verbose url resolving [ 'https://registry.npmjs.org/', './compossable-middleware' ]
27 verbose url resolved https://registry.npmjs.org/compossable-middleware
28 verbose request where is https://registry.npmjs.org/compossable-middleware
29 info trying registry request attempt 1 at 13:56:08
30 http GET https://registry.npmjs.org/compossable-middleware
31 http 404 https://registry.npmjs.org/compossable-middleware
32 verbose headers { date: 'Fri, 21 Nov 2014 10:56:20 GMT',
32 verbose headers   server: 'CouchDB/1.5.0 (Erlang OTP/R16B03)',
32 verbose headers   'content-type': 'application/json',
32 verbose headers   'cache-control': 'max-age=0',
32 verbose headers   'content-length': '52',
32 verbose headers   'accept-ranges': 'bytes',
32 verbose headers   via: '1.1 varnish',
32 verbose headers   age: '0',
32 verbose headers   'x-served-by': 'cache-fra1240-FRA',
32 verbose headers   'x-cache': 'MISS',
32 verbose headers   'x-cache-hits': '0',
32 verbose headers   'x-timer': 'S1416567379.968819,VS0,VE708',
32 verbose headers   'keep-alive': 'timeout=10, max=50',
32 verbose headers   connection: 'Keep-Alive' }
33 silly registry.get cb [ 404,
33 silly registry.get   { date: 'Fri, 21 Nov 2014 10:56:20 GMT',
33 silly registry.get     server: 'CouchDB/1.5.0 (Erlang OTP/R16B03)',
33 silly registry.get     'content-type': 'application/json',
33 silly registry.get     'cache-control': 'max-age=0',
33 silly registry.get     'content-length': '52',
33 silly registry.get     'accept-ranges': 'bytes',
33 silly registry.get     via: '1.1 varnish',
33 silly registry.get     age: '0',
33 silly registry.get     'x-served-by': 'cache-fra1240-FRA',
33 silly registry.get     'x-cache': 'MISS',
33 silly registry.get     'x-cache-hits': '0',
33 silly registry.get     'x-timer': 'S1416567379.968819,VS0,VE708',
33 silly registry.get     'keep-alive': 'timeout=10, max=50',
33 silly registry.get     connection: 'Keep-Alive' } ]
34 silly lockFile d6e67697-compossable-middleware compossable-middleware@
35 silly lockFile d6e67697-compossable-middleware compossable-middleware@
36 error 404 404 Not Found: compossable-middleware
36 error 404
36 error 404 'compossable-middleware' is not in the npm registry.
36 error 404 You should bug the author to publish it
36 error 404 It was specified as a dependency of 'dental-patient-card'
36 error 404
36 error 404 Note that you can also install from a
36 error 404 tarball, folder, or http url, or git url.
37 error System Windows_NT 6.1.7601
38 error command "C:\\Program Files\\nodejs\\\\node.exe" "C:\\Program Files\\nodejs\\node_modules\\npm\\bin\\npm-cli.js" "install" "compossable-middleware" "--save"
39 error cwd D:\Work.Develop\Untech\dental-patient-card
40 error node -v v0.10.32
41 error npm -v 1.4.28
42 error code E404
43 verbose exit [ 1, true ]
